2026-01-30 18:56:43 | ERROR    | run:196 | Unexpected error during directory load: Signal source has been deleted
Traceback (most recent call last):
  File "D:\Projects\dashboard_waterbalance\src\services\directory_loader.py", line 139, in run
    self.progress.emit(idx + 1, len(excel_files), excel_file.name)
    ~~~~~~~~~~~~~~~~~~^^^^^^^^^^^^^^^^^^^^^^^^^^^^^^^^^^^^^^^^^^^^
RuntimeError: Signal source has been deleted
2026-01-30 20:20:58 | ERROR    | run:192 | Boreholes Static Levels April - June  2021.xls: Failed to read file: `Import xlrd` failed. Install xlrd >= 2.0.1 for xls Excel support Use pip or conda to install the xlrd package.
2026-01-30 20:20:59 | ERROR    | run:192 | Boreholes Static Levels April - June  2022.xls: Failed to read file: `Import xlrd` failed. Install xlrd >= 2.0.1 for xls Excel support Use pip or conda to install the xlrd package.
2026-01-30 20:20:59 | ERROR    | run:192 | Boreholes Static Levels Q 3  2022.xls: Failed to read file: `Import xlrd` failed. Install xlrd >= 2.0.1 for xls Excel support Use pip or conda to install the xlrd package.
2026-01-30 20:20:59 | ERROR    | run:192 | Boreholes Static Levels Q3  2021.xls: Failed to read file: `Import xlrd` failed. Install xlrd >= 2.0.1 for xls Excel support Use pip or conda to install the xlrd package.
2026-01-30 20:20:59 | ERROR    | run:192 | Boreholes Static Levels April - June  2021.xls: Failed to read file: `Import xlrd` failed. Install xlrd >= 2.0.1 for xls Excel support Use pip or conda to install the xlrd package.
2026-01-30 20:20:59 | ERROR    | run:192 | Boreholes Static Levels April - June  2022.xls: Failed to read file: `Import xlrd` failed. Install xlrd >= 2.0.1 for xls Excel support Use pip or conda to install the xlrd package.
2026-01-30 20:20:59 | ERROR    | run:192 | Boreholes Static Levels Q 3  2022.xls: Failed to read file: `Import xlrd` failed. Install xlrd >= 2.0.1 for xls Excel support Use pip or conda to install the xlrd package.
2026-01-30 20:20:59 | ERROR    | run:192 | Boreholes Static Levels Q3  2021.xls: Failed to read file: `Import xlrd` failed. Install xlrd >= 2.0.1 for xls Excel support Use pip or conda to install the xlrd package.
2026-01-30 20:27:25 | ERROR    | run:192 | Boreholes Static Levels April - June  2021.xls: Failed to read file: `Import xlrd` failed. Install xlrd >= 2.0.1 for xls Excel support Use pip or conda to install the xlrd package.
2026-01-30 20:27:25 | ERROR    | run:192 | Boreholes Static Levels April - June  2022.xls: Failed to read file: `Import xlrd` failed. Install xlrd >= 2.0.1 for xls Excel support Use pip or conda to install the xlrd package.
2026-01-30 20:27:25 | ERROR    | run:192 | Boreholes Static Levels Q 3  2022.xls: Failed to read file: `Import xlrd` failed. Install xlrd >= 2.0.1 for xls Excel support Use pip or conda to install the xlrd package.
2026-01-30 20:27:25 | ERROR    | run:192 | Boreholes Static Levels Q3  2021.xls: Failed to read file: `Import xlrd` failed. Install xlrd >= 2.0.1 for xls Excel support Use pip or conda to install the xlrd package.
2026-01-30 20:27:25 | ERROR    | run:192 | Boreholes Static Levels April - June  2021.xls: Failed to read file: `Import xlrd` failed. Install xlrd >= 2.0.1 for xls Excel support Use pip or conda to install the xlrd package.
2026-01-30 20:27:25 | ERROR    | run:192 | Boreholes Static Levels April - June  2022.xls: Failed to read file: `Import xlrd` failed. Install xlrd >= 2.0.1 for xls Excel support Use pip or conda to install the xlrd package.
2026-01-30 20:27:25 | ERROR    | run:192 | Boreholes Static Levels Q 3  2022.xls: Failed to read file: `Import xlrd` failed. Install xlrd >= 2.0.1 for xls Excel support Use pip or conda to install the xlrd package.
2026-01-30 20:27:25 | ERROR    | run:192 | Boreholes Static Levels Q3  2021.xls: Failed to read file: `Import xlrd` failed. Install xlrd >= 2.0.1 for xls Excel support Use pip or conda to install the xlrd package.
2026-01-30 20:32:44 | ERROR    | run:192 | Boreholes Static Levels April - June  2021.xls: Failed to read file: `Import xlrd` failed. Install xlrd >= 2.0.1 for xls Excel support Use pip or conda to install the xlrd package.
2026-01-30 20:32:44 | ERROR    | run:192 | Boreholes Static Levels April - June  2022.xls: Failed to read file: `Import xlrd` failed. Install xlrd >= 2.0.1 for xls Excel support Use pip or conda to install the xlrd package.
2026-01-30 20:32:44 | ERROR    | run:192 | Boreholes Static Levels Q 3  2022.xls: Failed to read file: `Import xlrd` failed. Install xlrd >= 2.0.1 for xls Excel support Use pip or conda to install the xlrd package.
2026-01-30 20:32:44 | ERROR    | run:192 | Boreholes Static Levels Q3  2021.xls: Failed to read file: `Import xlrd` failed. Install xlrd >= 2.0.1 for xls Excel support Use pip or conda to install the xlrd package.
2026-01-30 20:32:44 | ERROR    | run:192 | Boreholes Static Levels April - June  2021.xls: Failed to read file: `Import xlrd` failed. Install xlrd >= 2.0.1 for xls Excel support Use pip or conda to install the xlrd package.
2026-01-30 20:32:44 | ERROR    | run:192 | Boreholes Static Levels April - June  2022.xls: Failed to read file: `Import xlrd` failed. Install xlrd >= 2.0.1 for xls Excel support Use pip or conda to install the xlrd package.
2026-01-30 20:32:44 | ERROR    | run:192 | Boreholes Static Levels Q 3  2022.xls: Failed to read file: `Import xlrd` failed. Install xlrd >= 2.0.1 for xls Excel support Use pip or conda to install the xlrd package.
2026-01-30 20:32:44 | ERROR    | run:192 | Boreholes Static Levels Q3  2021.xls: Failed to read file: `Import xlrd` failed. Install xlrd >= 2.0.1 for xls Excel support Use pip or conda to install the xlrd package.
2026-01-30 20:35:08 | ERROR    | run:192 | Boreholes Static Levels April - June  2021.xls: Failed to read file: `Import xlrd` failed. Install xlrd >= 2.0.1 for xls Excel support Use pip or conda to install the xlrd package.
2026-01-30 20:35:08 | ERROR    | run:192 | Boreholes Static Levels April - June  2022.xls: Failed to read file: `Import xlrd` failed. Install xlrd >= 2.0.1 for xls Excel support Use pip or conda to install the xlrd package.
2026-01-30 20:35:08 | ERROR    | run:192 | Boreholes Static Levels Q 3  2022.xls: Failed to read file: `Import xlrd` failed. Install xlrd >= 2.0.1 for xls Excel support Use pip or conda to install the xlrd package.
2026-01-30 20:35:08 | ERROR    | run:192 | Boreholes Static Levels Q3  2021.xls: Failed to read file: `Import xlrd` failed. Install xlrd >= 2.0.1 for xls Excel support Use pip or conda to install the xlrd package.
2026-01-30 20:35:09 | ERROR    | run:192 | Boreholes Static Levels April - June  2021.xls: Failed to read file: `Import xlrd` failed. Install xlrd >= 2.0.1 for xls Excel support Use pip or conda to install the xlrd package.
2026-01-30 20:35:09 | ERROR    | run:192 | Boreholes Static Levels April - June  2022.xls: Failed to read file: `Import xlrd` failed. Install xlrd >= 2.0.1 for xls Excel support Use pip or conda to install the xlrd package.
2026-01-30 20:35:09 | ERROR    | run:192 | Boreholes Static Levels Q 3  2022.xls: Failed to read file: `Import xlrd` failed. Install xlrd >= 2.0.1 for xls Excel support Use pip or conda to install the xlrd package.
2026-01-30 20:35:09 | ERROR    | run:192 | Boreholes Static Levels Q3  2021.xls: Failed to read file: `Import xlrd` failed. Install xlrd >= 2.0.1 for xls Excel support Use pip or conda to install the xlrd package.
2026-01-30 22:19:31 | ERROR    | run:254 | Unexpected error during directory load: Reindexing only valid with uniquely valued Index objects
2026-01-30 22:19:31 | ERROR    | run:254 | Unexpected error during directory load: Reindexing only valid with uniquely valued Index objects
2026-01-30 22:19:53 | ERROR    | run:260 | Unexpected error during directory load: Reindexing only valid with uniquely valued Index objects
2026-01-30 22:19:54 | ERROR    | run:260 | Unexpected error during directory load: Reindexing only valid with uniquely valued Index objects
2026-01-31 00:47:52 | ERROR    | run:243 | Boreholes Static Levels April - June  2021.xls: Failed to read file: name 'logger' is not defined
2026-01-31 00:47:52 | ERROR    | run:243 | Boreholes Static Levels April - June  2022.xls: Failed to read file: name 'logger' is not defined
2026-01-31 00:47:52 | ERROR    | run:243 | Boreholes Static Levels Q 3  2022.xls: Failed to read file: name 'logger' is not defined
2026-01-31 00:47:52 | ERROR    | run:243 | Boreholes Static Levels Q3  2021.xls: Failed to read file: name 'logger' is not defined
2026-01-31 00:47:52 | ERROR    | run:281 | Unexpected error during directory load: name 'logger' is not defined
